<?xml version="1.0" encoding="UTF-8"?>
<!-- Generated by org.testng.reporters.JUnitXMLReporter -->
<testsuite ignored="0" hostname="DESKTOP-8IF7O58" failures="0" tests="7" name="Default test" time="75.607" errors="0" timestamp="2020-11-19T15:31:11 EST">
  <testcase classname="testPack.BmiCalPageTest" name="NoHeightAndNoWeight" time="9.161"/>
  <testcase classname="testPack.BmiCalPageTest" name="ValidHeightAndNoWeight" time="4.346"/>
  <testcase classname="testPack.BmiCalPageTest" name="NoHeightAndValidWeight" time="8.452"/>
  <testcase classname="testPack.BmiCalPageTest" name="UnderweightCategory" time="4.559"/>
  <testcase classname="testPack.BmiCalPageTest" name="NormalCategory" time="12.666"/>
  <testcase classname="testPack.BmiCalPageTest" name="OverweightCategory" time="16.65"/>
  <testcase classname="testPack.BmiCalPageTest" name="ObesityCategory" time="12.417"/>
</testsuite> <!-- Default test -->
