<?xml version="1.0" encoding="UTF-8"?>
<!-- Generated by org.testng.reporters.JUnitXMLReporter -->
<testsuite ignored="0" hostname="DESKTOP-8IF7O58" failures="0" tests="7" name="Default test" time="77.086" errors="0" timestamp="2020-11-09T17:11:45 EST">
  <testcase classname="Test.BmiCalPageTest" name="NoHeightAndNoWeight" time="11.06"/>
  <testcase classname="Test.BmiCalPageTest" name="ValidHeightAndNoWeight" time="4.372"/>
  <testcase classname="Test.BmiCalPageTest" name="NoHeightAndValidWeight" time="8.249"/>
  <testcase classname="Test.BmiCalPageTest" name="UnderweightCategory" time="4.369"/>
  <testcase classname="Test.BmiCalPageTest" name="NormalCategory" time="12.382"/>
  <testcase classname="Test.BmiCalPageTest" name="OverweightCategory" time="16.375"/>
  <testcase classname="Test.BmiCalPageTest" name="ObesityCategory" time="12.273"/>
</testsuite> <!-- Default test -->
